# JRE version: OpenJDK Runtime Environment Temurin-17.0.7+7 (17.0.7+7) (build 17.0.7+7)
# Java VM: OpenJDK 64-Bit Server VM Temurin-17.0.7+7 (17.0.7+7, mixed mode, tiered, compressed oops, compressed class ptrs, parallel gc, windows-amd64)
GC Precious Log:
 CPUs: 12 total, 12 available
 Memory: 14245M
 Large Page Support: Disabled
 NUMA Support: Disabled
 Compressed Oops: Enabled (32-bit)
 Alignments: Space 512K, Generation 512K, Heap 2M
 Heap Min Capacity: 100M
 Heap Initial Capacity: 100M
 Heap Max Capacity: 1G
 Pre-touch: Disabled
 Parallel Workers: 10
Heap:
 PSYoungGen      total 10752K, used 6770K [0x00000000eab00000, 0x00000000ebb80000, 0x0000000100000000)
  eden space 5120K, 28% used [0x00000000eab00000,0x00000000eac6b138,0x00000000eb000000)
  from space 5632K, 94% used [0x00000000eb580000,0x00000000ebab1920,0x00000000ebb00000)
  to   space 5632K, 0% used [0x00000000eb000000,0x00000000eb000000,0x00000000eb580000)
 ParOldGen       total 164864K, used 151698K [0x00000000c0000000, 0x00000000ca100000, 0x00000000eab00000)
  object space 164864K, 92% used [0x00000000c0000000,0x00000000c9424b40,0x00000000ca100000)
 Metaspace       used 93000K, committed 94400K, reserved 1179648K
  class space    used 9687K, committed 10368K, reserved 1048576K
GC Heap History (20 events):
Event: 973.443 GC heap before
{Heap before GC invocations=1698 (full 42):
 PSYoungGen      total 6656K, used 6629K [0x00000000eab00000, 0x00000000eba00000, 0x0000000100000000)
  eden space 4096K, 100% used [0x00000000eab00000,0x00000000eaf00000,0x00000000eaf00000)
  from space 2560K, 98% used [0x00000000eb380000,0x00000000eb5f9540,0x00000000eb600000)
  to   space 4608K, 0% used [0x00000000eaf00000,0x00000000eaf00000,0x00000000eb380000)
 ParOldGen       total 164864K, used 128047K [0x00000000c0000000, 0x00000000ca100000, 0x00000000eab00000)
  object space 164864K, 77% used [0x00000000c0000000,0x00000000c7d0be60,0x00000000ca100000)
 Metaspace       used 92997K, committed 94400K, reserved 1179648K
  class space    used 9687K, committed 10368K, reserved 1048576K
}
Event: 973.444 GC heap after
{Heap after GC invocations=1698 (full 42):
 PSYoungGen      total 8704K, used 4591K [0x00000000eab00000, 0x00000000eba00000, 0x0000000100000000)
  eden space 4096K, 0% used [0x00000000eab00000,0x00000000eab00000,0x00000000eaf00000)
  from space 4608K, 99% used [0x00000000eaf00000,0x00000000eb37be30,0x00000000eb380000)
  to   space 2560K, 0% used [0x00000000eb380000,0x00000000eb380000,0x00000000eb600000)
 ParOldGen       total 164864K, used 130103K [0x00000000c0000000, 0x00000000ca100000, 0x00000000eab00000)
  object space 164864K, 78% used [0x00000000c0000000,0x00000000c7f0de60,0x00000000ca100000)
 Metaspace       used 92997K, committed 94400K, reserved 1179648K
  class space    used 9687K, committed 10368K, reserved 1048576K
}
Event: 973.449 GC heap before
{Heap before GC invocations=1699 (full 42):
 PSYoungGen      total 8704K, used 8687K [0x00000000eab00000, 0x00000000eba00000, 0x0000000100000000)
  eden space 4096K, 99% used [0x00000000eab00000,0x00000000eaefff78,0x00000000eaf00000)
  from space 4608K, 99% used [0x00000000eaf00000,0x00000000eb37be30,0x00000000eb380000)
  to   space 2560K, 0% used [0x00000000eb380000,0x00000000eb380000,0x00000000eb600000)
 ParOldGen       total 164864K, used 130103K [0x00000000c0000000, 0x00000000ca100000, 0x00000000eab00000)
  object space 164864K, 78% used [0x00000000c0000000,0x00000000c7f0de60,0x00000000ca100000)
 Metaspace       used 92997K, committed 94400K, reserved 1179648K
  class space    used 9687K, committed 10368K, reserved 1048576K
}
Event: 973.451 GC heap after
{Heap after GC invocations=1699 (full 42):
 PSYoungGen      total 6656K, used 2539K [0x00000000eab00000, 0x00000000eba00000, 0x0000000100000000)
  eden space 4096K, 0% used [0x00000000eab00000,0x00000000eab00000,0x00000000eaf00000)
  from space 2560K, 99% used [0x00000000eb380000,0x00000000eb5faff8,0x00000000eb600000)
  to   space 4608K, 0% used [0x00000000eaf00000,0x00000000eaf00000,0x00000000eb380000)
 ParOldGen       total 164864K, used 136013K [0x00000000c0000000, 0x00000000ca100000, 0x00000000eab00000)
  object space 164864K, 82% used [0x00000000c0000000,0x00000000c84d3730,0x00000000ca100000)
 Metaspace       used 92997K, committed 94400K, reserved 1179648K
  class space    used 9687K, committed 10368K, reserved 1048576K
}
Event: 973.453 GC heap before
{Heap before GC invocations=1700 (full 42):
 PSYoungGen      total 6656K, used 6635K [0x00000000eab00000, 0x00000000eba00000, 0x0000000100000000)
  eden space 4096K, 99% used [0x00000000eab00000,0x00000000eaefff58,0x00000000eaf00000)
  from space 2560K, 99% used [0x00000000eb380000,0x00000000eb5faff8,0x00000000eb600000)
  to   space 4608K, 0% used [0x00000000eaf00000,0x00000000eaf00000,0x00000000eb380000)
 ParOldGen       total 164864K, used 136013K [0x00000000c0000000, 0x00000000ca100000, 0x00000000eab00000)
  object space 164864K, 82% used [0x00000000c0000000,0x00000000c84d3730,0x00000000ca100000)
 Metaspace       used 92997K, committed 94400K, reserved 1179648K
  class space    used 9687K, committed 10368K, reserved 1048576K
}
Event: 973.454 GC heap after
{Heap after GC invocations=1700 (full 42):
 PSYoungGen      total 8704K, used 4587K [0x00000000eab00000, 0x00000000eba00000, 0x0000000100000000)
  eden space 4096K, 0% used [0x00000000eab00000,0x00000000eab00000,0x00000000eaf00000)
  from space 4608K, 99% used [0x00000000eaf00000,0x00000000eb37aff8,0x00000000eb380000)
  to   space 2560K, 0% used [0x00000000eb380000,0x00000000eb380000,0x00000000eb600000)
 ParOldGen       total 164864K, used 137444K [0x00000000c0000000, 0x00000000ca100000, 0x00000000eab00000)
  object space 164864K, 83% used [0x00000000c0000000,0x00000000c8639168,0x00000000ca100000)
 Metaspace       used 92997K, committed 94400K, reserved 1179648K
  class space    used 9687K, committed 10368K, reserved 1048576K
}
Event: 973.456 GC heap before
{Heap before GC invocations=1701 (full 42):
 PSYoungGen      total 8704K, used 8683K [0x00000000eab00000, 0x00000000eba00000, 0x0000000100000000)
  eden space 4096K, 100% used [0x00000000eab00000,0x00000000eaf00000,0x00000000eaf00000)
  from space 4608K, 99% used [0x00000000eaf00000,0x00000000eb37aff8,0x00000000eb380000)
  to   space 2560K, 0% used [0x00000000eb380000,0x00000000eb380000,0x00000000eb600000)
 ParOldGen       total 164864K, used 137444K [0x00000000c0000000, 0x00000000ca100000, 0x00000000eab00000)
  object space 164864K, 83% used [0x00000000c0000000,0x00000000c8639168,0x00000000ca100000)
 Metaspace       used 92997K, committed 94400K, reserved 1179648K
  class space    used 9687K, committed 10368K, reserved 1048576K
}
Event: 973.457 GC heap after
{Heap after GC invocations=1701 (full 42):
 PSYoungGen      total 6656K, used 2559K [0x00000000eab00000, 0x00000000eba00000, 0x0000000100000000)
  eden space 4096K, 0% used [0x00000000eab00000,0x00000000eab00000,0x00000000eaf00000)
  from space 2560K, 99% used [0x00000000eb380000,0x00000000eb5ffdd8,0x00000000eb600000)
  to   space 4608K, 0% used [0x00000000eaf00000,0x00000000eaf00000,0x00000000eb380000)
 ParOldGen       total 164864K, used 143058K [0x00000000c0000000, 0x00000000ca100000, 0x00000000eab00000)
  object space 164864K, 86% used [0x00000000c0000000,0x00000000c8bb4a90,0x00000000ca100000)
 Metaspace       used 92997K, committed 94400K, reserved 1179648K
  class space    used 9687K, committed 10368K, reserved 1048576K
}
Event: 973.458 GC heap before
{Heap before GC invocations=1702 (full 42):
 PSYoungGen      total 6656K, used 6655K [0x00000000eab00000, 0x00000000eba00000, 0x0000000100000000)
  eden space 4096K, 99% used [0x00000000eab00000,0x00000000eaeffff8,0x00000000eaf00000)
  from space 2560K, 99% used [0x00000000eb380000,0x00000000eb5ffdd8,0x00000000eb600000)
  to   space 4608K, 0% used [0x00000000eaf00000,0x00000000eaf00000,0x00000000eb380000)
 ParOldGen       total 164864K, used 143058K [0x00000000c0000000, 0x00000000ca100000, 0x00000000eab00000)
  object space 164864K, 86% used [0x00000000c0000000,0x00000000c8bb4a90,0x00000000ca100000)
 Metaspace       used 92997K, committed 94400K, reserved 1179648K
  class space    used 9687K, committed 10368K, reserved 1048576K
}
Event: 973.460 GC heap after
{Heap after GC invocations=1702 (full 42):
 PSYoungGen      total 8704K, used 4596K [0x00000000eab00000, 0x00000000eba00000, 0x0000000100000000)
  eden space 4096K, 0% used [0x00000000eab00000,0x00000000eab00000,0x00000000eaf00000)
  from space 4608K, 99% used [0x00000000eaf00000,0x00000000eb37d1d8,0x00000000eb380000)
  to   space 2560K, 0% used [0x00000000eb380000,0x00000000eb380000,0x00000000eb600000)
 ParOldGen       total 164864K, used 144679K [0x00000000c0000000, 0x00000000ca100000, 0x00000000eab00000)
  object space 164864K, 87% used [0x00000000c0000000,0x00000000c8d49c90,0x00000000ca100000)
 Metaspace       used 92997K, committed 94400K, reserved 1179648K
  class space    used 9687K, committed 10368K, reserved 1048576K
}
Event: 973.463 GC heap before
{Heap before GC invocations=1703 (full 42):
 PSYoungGen      total 8704K, used 8692K [0x00000000eab00000, 0x00000000eba00000, 0x0000000100000000)
  eden space 4096K, 100% used [0x00000000eab00000,0x00000000eaf00000,0x00000000eaf00000)
  from space 4608K, 99% used [0x00000000eaf00000,0x00000000eb37d1d8,0x00000000eb380000)
  to   space 2560K, 0% used [0x00000000eb380000,0x00000000eb380000,0x00000000eb600000)
 ParOldGen       total 164864K, used 144679K [0x00000000c0000000, 0x00000000ca100000, 0x00000000eab00000)
  object space 164864K, 87% used [0x00000000c0000000,0x00000000c8d49c90,0x00000000ca100000)
 Metaspace       used 92997K, committed 94400K, reserved 1179648K
  class space    used 9687K, committed 10368K, reserved 1048576K
}
Event: 973.465 GC heap after
{Heap after GC invocations=1703 (full 42):
 PSYoungGen      total 6656K, used 2547K [0x00000000eab00000, 0x00000000eba00000, 0x0000000100000000)
  eden space 4096K, 0% used [0x00000000eab00000,0x00000000eab00000,0x00000000eaf00000)
  from space 2560K, 99% used [0x00000000eb380000,0x00000000eb5fced8,0x00000000eb600000)
  to   space 4608K, 0% used [0x00000000eaf00000,0x00000000eaf00000,0x00000000eb380000)
 ParOldGen       total 164864K, used 150682K [0x00000000c0000000, 0x00000000ca100000, 0x00000000eab00000)
  object space 164864K, 91% used [0x00000000c0000000,0x00000000c9326890,0x00000000ca100000)
 Metaspace       used 92997K, committed 94400K, reserved 1179648K
  class space    used 9687K, committed 10368K, reserved 1048576K
}
Event: 973.471 GC heap before
{Heap before GC invocations=1704 (full 42):
 PSYoungGen      total 6656K, used 6643K [0x00000000eab00000, 0x00000000eba00000, 0x0000000100000000)
  eden space 4096K, 100% used [0x00000000eab00000,0x00000000eaf00000,0x00000000eaf00000)
  from space 2560K, 99% used [0x00000000eb380000,0x00000000eb5fced8,0x00000000eb600000)
  to   space 4608K, 0% used [0x00000000eaf00000,0x00000000eaf00000,0x00000000eb380000)
 ParOldGen       total 164864K, used 150682K [0x00000000c0000000, 0x00000000ca100000, 0x00000000eab00000)
  object space 164864K, 91% used [0x00000000c0000000,0x00000000c9326890,0x00000000ca100000)
 Metaspace       used 92998K, committed 94400K, reserved 1179648K
  class space    used 9687K, committed 10368K, reserved 1048576K
}
Event: 973.472 GC heap after
{Heap after GC invocations=1704 (full 42):
 PSYoungGen      total 8704K, used 4487K [0x00000000eab00000, 0x00000000ebb80000, 0x0000000100000000)
  eden space 4096K, 0% used [0x00000000eab00000,0x00000000eab00000,0x00000000eaf00000)
  from space 4608K, 97% used [0x00000000eaf00000,0x00000000eb361f40,0x00000000eb380000)
  to   space 6144K, 0% used [0x00000000eb580000,0x00000000eb580000,0x00000000ebb80000)
 ParOldGen       total 164864K, used 150810K [0x00000000c0000000, 0x00000000ca100000, 0x00000000eab00000)
  object space 164864K, 91% used [0x00000000c0000000,0x00000000c9346890,0x00000000ca100000)
 Metaspace       used 92998K, committed 94400K, reserved 1179648K
  class space    used 9687K, committed 10368K, reserved 1048576K
}
Event: 973.476 GC heap before
{Heap before GC invocations=1705 (full 42):
 PSYoungGen      total 8704K, used 8583K [0x00000000eab00000, 0x00000000ebb80000, 0x0000000100000000)
  eden space 4096K, 100% used [0x00000000eab00000,0x00000000eaf00000,0x00000000eaf00000)
  from space 4608K, 97% used [0x00000000eaf00000,0x00000000eb361f40,0x00000000eb380000)
  to   space 6144K, 0% used [0x00000000eb580000,0x00000000eb580000,0x00000000ebb80000)
 ParOldGen       total 164864K, used 150810K [0x00000000c0000000, 0x00000000ca100000, 0x00000000eab00000)
  object space 164864K, 91% used [0x00000000c0000000,0x00000000c9346890,0x00000000ca100000)
 Metaspace       used 92998K, committed 94400K, reserved 1179648K
  class space    used 9687K, committed 10368K, reserved 1048576K
}
Event: 973.477 GC heap after
{Heap after GC invocations=1705 (full 42):
 PSYoungGen      total 9728K, used 4924K [0x00000000eab00000, 0x00000000eba80000, 0x0000000100000000)
  eden space 4608K, 0% used [0x00000000eab00000,0x00000000eab00000,0x00000000eaf80000)
  from space 5120K, 96% used [0x00000000eb580000,0x00000000eba4f140,0x00000000eba80000)
  to   space 5120K, 0% used [0x00000000eb080000,0x00000000eb080000,0x00000000eb580000)
 ParOldGen       total 164864K, used 151066K [0x00000000c0000000, 0x00000000ca100000, 0x00000000eab00000)
  object space 164864K, 91% used [0x00000000c0000000,0x00000000c9386890,0x00000000ca100000)
 Metaspace       used 92998K, committed 94400K, reserved 1179648K
  class space    used 9687K, committed 10368K, reserved 1048576K
}
Event: 973.481 GC heap before
{Heap before GC invocations=1706 (full 42):
 PSYoungGen      total 9728K, used 9532K [0x00000000eab00000, 0x00000000eba80000, 0x0000000100000000)
  eden space 4608K, 100% used [0x00000000eab00000,0x00000000eaf80000,0x00000000eaf80000)
  from space 5120K, 96% used [0x00000000eb580000,0x00000000eba4f140,0x00000000eba80000)
  to   space 5120K, 0% used [0x00000000eb080000,0x00000000eb080000,0x00000000eb580000)
 ParOldGen       total 164864K, used 151066K [0x00000000c0000000, 0x00000000ca100000, 0x00000000eab00000)
  object space 164864K, 91% used [0x00000000c0000000,0x00000000c9386890,0x00000000ca100000)
 Metaspace       used 92998K, committed 94400K, reserved 1179648K
  class space    used 9687K, committed 10368K, reserved 1048576K
}
Event: 973.482 GC heap after
{Heap after GC invocations=1706 (full 42):
 PSYoungGen      total 10240K, used 5090K [0x00000000eab00000, 0x00000000ebb00000, 0x0000000100000000)
  eden space 5120K, 0% used [0x00000000eab00000,0x00000000eab00000,0x00000000eb000000)
  from space 5120K, 99% used [0x00000000eb080000,0x00000000eb578840,0x00000000eb580000)
  to   space 5632K, 0% used [0x00000000eb580000,0x00000000eb580000,0x00000000ebb00000)
 ParOldGen       total 164864K, used 151114K [0x00000000c0000000, 0x00000000ca100000, 0x00000000eab00000)
  object space 164864K, 91% used [0x00000000c0000000,0x00000000c9392890,0x00000000ca100000)
 Metaspace       used 92998K, committed 94400K, reserved 1179648K
  class space    used 9687K, committed 10368K, reserved 1048576K
}
Event: 973.488 GC heap before
{Heap before GC invocations=1707 (full 42):
 PSYoungGen      total 10240K, used 10210K [0x00000000eab00000, 0x00000000ebb00000, 0x0000000100000000)
  eden space 5120K, 100% used [0x00000000eab00000,0x00000000eb000000,0x00000000eb000000)
  from space 5120K, 99% used [0x00000000eb080000,0x00000000eb578840,0x00000000eb580000)
  to   space 5632K, 0% used [0x00000000eb580000,0x00000000eb580000,0x00000000ebb00000)
 ParOldGen       total 164864K, used 151114K [0x00000000c0000000, 0x00000000ca100000, 0x00000000eab00000)
  object space 164864K, 91% used [0x00000000c0000000,0x00000000c9392890,0x00000000ca100000)
 Metaspace       used 92998K, committed 94400K, reserved 1179648K
  class space    used 9687K, committed 10368K, reserved 1048576K
}
Event: 973.489 GC heap after
{Heap after GC invocations=1707 (full 42):
 PSYoungGen      total 10752K, used 5318K [0x00000000eab00000, 0x00000000ebb80000, 0x0000000100000000)
  eden space 5120K, 0% used [0x00000000eab00000,0x00000000eab00000,0x00000000eb000000)
  from space 5632K, 94% used [0x00000000eb580000,0x00000000ebab1920,0x00000000ebb00000)
  to   space 5632K, 0% used [0x00000000eb000000,0x00000000eb000000,0x00000000eb580000)
 ParOldGen       total 164864K, used 151698K [0x00000000c0000000, 0x00000000ca100000, 0x00000000eab00000)
  object space 164864K, 92% used [0x00000000c0000000,0x00000000c9424b40,0x00000000ca100000)
 Metaspace       used 92998K, committed 94400K, reserved 1179648K
  class space    used 9687K, committed 10368K, reserved 1048576K
}

