# JRE version: OpenJDK Runtime Environment Temurin-17.0.7+7 (17.0.7+7) (build 17.0.7+7)
# Java VM: OpenJDK 64-Bit Server VM Temurin-17.0.7+7 (17.0.7+7, mixed mode, tiered, compressed oops, compressed class ptrs, g1 gc, windows-amd64)
GC Precious Log:
 CPUs: 12 total, 12 available
 Memory: 14245M
 Large Page Support: Disabled
 NUMA Support: Disabled
 Compressed Oops: Enabled (Zero based)
 Heap Region Size: 2M
 Heap Min Capacity: 8M
 Heap Initial Capacity: 224M
 Heap Max Capacity: 3562M
 Pre-touch: Disabled
 Parallel Workers: 10
 Concurrent Workers: 3
 Concurrent Refinement Workers: 10
 Periodic GC: Disabled
Heap:
 garbage-first heap   total 102400K, used 59130K [0x0000000721600000, 0x0000000800000000)
  region size 2048K, 22 young (45056K), 4 survivors (8192K)
 Metaspace       used 64830K, committed 65344K, reserved 1114112K
  class space    used 8787K, committed 9024K, reserved 1048576K
GC Heap History (20 events):
Event: 0.692 GC heap before
{Heap before GC invocations=1 (full 0):
 garbage-first heap   total 229376K, used 29400K [0x0000000721600000, 0x0000000800000000)
  region size 2048K, 14 young (28672K), 2 survivors (4096K)
 Metaspace       used 18344K, committed 18560K, reserved 1114112K
  class space    used 2133K, committed 2240K, reserved 1048576K
}
Event: 0.694 GC heap after
{Heap after GC invocations=2 (full 0):
 garbage-first heap   total 229376K, used 10122K [0x0000000721600000, 0x0000000800000000)
  region size 2048K, 2 young (4096K), 2 survivors (4096K)
 Metaspace       used 18344K, committed 18560K, reserved 1114112K
  class space    used 2133K, committed 2240K, reserved 1048576K
}
Event: 0.784 GC heap before
{Heap before GC invocations=2 (full 0):
 garbage-first heap   total 229376K, used 22410K [0x0000000721600000, 0x0000000800000000)
  region size 2048K, 9 young (18432K), 2 survivors (4096K)
 Metaspace       used 21280K, committed 21504K, reserved 1114112K
  class space    used 2618K, committed 2752K, reserved 1048576K
}
Event: 0.786 GC heap after
{Heap after GC invocations=3 (full 0):
 garbage-first heap   total 229376K, used 11022K [0x0000000721600000, 0x0000000800000000)
  region size 2048K, 2 young (4096K), 2 survivors (4096K)
 Metaspace       used 21280K, committed 21504K, reserved 1114112K
  class space    used 2618K, committed 2752K, reserved 1048576K
}
Event: 0.922 GC heap before
{Heap before GC invocations=4 (full 0):
 garbage-first heap   total 49152K, used 33550K [0x0000000721600000, 0x0000000800000000)
  region size 2048K, 14 young (28672K), 2 survivors (4096K)
 Metaspace       used 26220K, committed 26432K, reserved 1114112K
  class space    used 3182K, committed 3264K, reserved 1048576K
}
Event: 0.924 GC heap after
{Heap after GC invocations=5 (full 0):
 garbage-first heap   total 49152K, used 12408K [0x0000000721600000, 0x0000000800000000)
  region size 2048K, 3 young (6144K), 3 survivors (6144K)
 Metaspace       used 26220K, committed 26432K, reserved 1114112K
  class space    used 3182K, committed 3264K, reserved 1048576K
}
Event: 1.116 GC heap before
{Heap before GC invocations=5 (full 0):
 garbage-first heap   total 49152K, used 30840K [0x0000000721600000, 0x0000000800000000)
  region size 2048K, 12 young (24576K), 3 survivors (6144K)
 Metaspace       used 27816K, committed 28096K, reserved 1114112K
  class space    used 3389K, committed 3520K, reserved 1048576K
}
Event: 1.118 GC heap after
{Heap after GC invocations=6 (full 0):
 garbage-first heap   total 49152K, used 13657K [0x0000000721600000, 0x0000000800000000)
  region size 2048K, 2 young (4096K), 2 survivors (4096K)
 Metaspace       used 27816K, committed 28096K, reserved 1114112K
  class space    used 3389K, committed 3520K, reserved 1048576K
}
Event: 1.336 GC heap before
{Heap before GC invocations=6 (full 0):
 garbage-first heap   total 49152K, used 30041K [0x0000000721600000, 0x0000000800000000)
  region size 2048K, 10 young (20480K), 2 survivors (4096K)
 Metaspace       used 30199K, committed 30464K, reserved 1114112K
  class space    used 3719K, committed 3840K, reserved 1048576K
}
Event: 1.338 GC heap after
{Heap after GC invocations=7 (full 0):
 garbage-first heap   total 49152K, used 14895K [0x0000000721600000, 0x0000000800000000)
  region size 2048K, 2 young (4096K), 2 survivors (4096K)
 Metaspace       used 30199K, committed 30464K, reserved 1114112K
  class space    used 3719K, committed 3840K, reserved 1048576K
}
Event: 1.565 GC heap before
{Heap before GC invocations=7 (full 0):
 garbage-first heap   total 49152K, used 31279K [0x0000000721600000, 0x0000000800000000)
  region size 2048K, 10 young (20480K), 2 survivors (4096K)
 Metaspace       used 33121K, committed 33536K, reserved 1114112K
  class space    used 4154K, committed 4352K, reserved 1048576K
}
Event: 1.567 GC heap after
{Heap after GC invocations=8 (full 0):
 garbage-first heap   total 49152K, used 16676K [0x0000000721600000, 0x0000000800000000)
  region size 2048K, 2 young (4096K), 2 survivors (4096K)
 Metaspace       used 33121K, committed 33536K, reserved 1114112K
  class space    used 4154K, committed 4352K, reserved 1048576K
}
Event: 1.765 GC heap before
{Heap before GC invocations=8 (full 0):
 garbage-first heap   total 49152K, used 28964K [0x0000000721600000, 0x0000000800000000)
  region size 2048K, 9 young (18432K), 2 survivors (4096K)
 Metaspace       used 35603K, committed 35968K, reserved 1114112K
  class space    used 4534K, committed 4736K, reserved 1048576K
}
Event: 1.767 GC heap after
{Heap after GC invocations=9 (full 0):
 garbage-first heap   total 49152K, used 18024K [0x0000000721600000, 0x0000000800000000)
  region size 2048K, 2 young (4096K), 2 survivors (4096K)
 Metaspace       used 35603K, committed 35968K, reserved 1114112K
  class space    used 4534K, committed 4736K, reserved 1048576K
}
Event: 1.988 GC heap before
{Heap before GC invocations=10 (full 0):
 garbage-first heap   total 49152K, used 34408K [0x0000000721600000, 0x0000000800000000)
  region size 2048K, 10 young (20480K), 2 survivors (4096K)
 Metaspace       used 38249K, committed 38656K, reserved 1114112K
  class space    used 4847K, committed 5056K, reserved 1048576K
}
Event: 1.990 GC heap after
{Heap after GC invocations=11 (full 0):
 garbage-first heap   total 49152K, used 19774K [0x0000000721600000, 0x0000000800000000)
  region size 2048K, 2 young (4096K), 2 survivors (4096K)
 Metaspace       used 38249K, committed 38656K, reserved 1114112K
  class space    used 4847K, committed 5056K, reserved 1048576K
}
Event: 2.152 GC heap before
{Heap before GC invocations=11 (full 0):
 garbage-first heap   total 49152K, used 34110K [0x0000000721600000, 0x0000000800000000)
  region size 2048K, 9 young (18432K), 2 survivors (4096K)
 Metaspace       used 40561K, committed 40960K, reserved 1114112K
  class space    used 5155K, committed 5312K, reserved 1048576K
}
Event: 2.154 GC heap after
{Heap after GC invocations=12 (full 0):
 garbage-first heap   total 139264K, used 20544K [0x0000000721600000, 0x0000000800000000)
  region size 2048K, 2 young (4096K), 2 survivors (4096K)
 Metaspace       used 40561K, committed 40960K, reserved 1114112K
  class space    used 5155K, committed 5312K, reserved 1048576K
}
Event: 3.156 GC heap before
{Heap before GC invocations=12 (full 0):
 garbage-first heap   total 139264K, used 92224K [0x0000000721600000, 0x0000000800000000)
  region size 2048K, 38 young (77824K), 2 survivors (4096K)
 Metaspace       used 59670K, committed 60160K, reserved 1114112K
  class space    used 7983K, committed 8192K, reserved 1048576K
}
Event: 3.160 GC heap after
{Heap after GC invocations=13 (full 0):
 garbage-first heap   total 139264K, used 24314K [0x0000000721600000, 0x0000000800000000)
  region size 2048K, 4 young (8192K), 4 survivors (8192K)
 Metaspace       used 59670K, committed 60160K, reserved 1114112K
  class space    used 7983K, committed 8192K, reserved 1048576K
}

